         w __deregister_frame_info
         w _ITM_deregisterTMCloneTable
         w _ITM_registerTMCloneTable
         w _Jv_RegisterClasses
         w __register_frame_info
00000000 b .LANCHOR1
00000000 a shift
00000000 a shift
00000000 b _TLS_MODULE_BASE_
00000000 00002000 b tmp_buffer.6528
00001ff8 b .LANCHOR2
00002000 00000401 b __fixedpath
00002404 00000802 b __utf16path
00002c08 00000802 b __utf16path_old.6599
00100000 T _start
00100000 T __start__
00100008 T __service_ptr
0010000c T __apt_appid
00100010 T __heap_size
00100014 T __linear_heap_size
00100018 T __system_arglist
0010001c T __system_runflags
00100020 t startup
00100058 t ClearMem
0010006c t ClrLoop
00100094 T _init
001000ac t deregister_tm_clones
001000dc t register_tm_clones
00100114 t __do_global_dtors_aux
00100158 t frame_dummy
001001b4 T initSystem
001001f8 T __ctru_exit
00100218 T __aeabi_idiv
00100218 00000220 T __divsi3
00100220 t .divsi3_skip_div0_test
00100438 00000020 T __aeabi_idivmod
00100458 00000004 W __aeabi_idiv0
00100458 00000004 W __aeabi_ldiv0
00100468 00000390 T strcmp
00100800 00000008 t null_write
00100808 00000018 T setDefaultDevice
00100820 000000bc T FindDevice
001008dc 0000002c T RemoveDevice
00100908 00000098 T AddDevice
001009a0 00000024 T GetDeviceOpTab
001009c4 0000007c T _close_r
00100a40 0000006c T _fstat_r
00100aac 00000008 T _isatty_r
00100ab4 00000078 T _lseek_r
00100b2c 00000078 T _read_r
00100ba4 00000070 T _sbrk_r
00100c14 00000078 T _write_r
00100c8c 000001bc T _concatenate_path
00100e48 00000154 T chdir
00100f9c 000000a0 T getcwd
0010103c 00000008 T __flockfile
00101044 00000008 T __funlockfile
0010104c 00000018 T __libc_lock_init
00101064 00000018 T __libc_lock_acquire
0010107c 00000024 T __libc_lock_try_acquire
001010a0 00000018 T __libc_lock_release
001010b8 00000018 T __libc_lock_close
001010d0 00000018 T __libc_lock_init_recursive
001010e8 00000018 T __libc_lock_acquire_recursive
00101100 00000024 T __libc_lock_try_acquire_recursive
00101124 00000018 T __libc_lock_release_recursive
0010113c 00000018 T __libc_lock_close_recursive
00101154 00000044 T __free_handle
00101198 0000003c T __release_handle
001011d4 00000078 T __alloc_handle
0010124c 0000001c T __get_handle
00101268 000000a4 T dup
0010130c 0000010c T dup2
00101418 00000028 T __getreent
00101440 T __aeabi_uidiv
00101440 000001ec T __udivsi3
00101440 t .udivsi3_skip_div0_test
0010162c 00000020 T __aeabi_uidivmod
0010164c T __aeabi_uldivmod
00101688 00000128 T __udivmoddi4
001017b0 00000084 T _redrawMenu
00101834 00000050 T ctrmenu_display_menu
00101884 00000038 T ctrmenu_register_function
001018bc 00000090 T ctrmenu_selection_up
0010194c 0000008c T ctrmenu_selection_down
001019d8 00000050 T ctrmenu_selection_select
00101a28 0000000c T dummyFunction
00101a34 0000000c T dummyFunction2
00101a40 0000000c T dummyFunction3
00101a4c 00000004 T clearTopScreen
00101a50 00000118 T main
00101b68 0000001c T debug_write
00101b84 00000018 T consoleSelect
00101b9c 000001ac T consoleDrawChar
00101d48 00000128 T consolePrintChar
00101e70 00000184 t consoleCls
00101ff4 000000f8 T consoleInit
001020ec 00000138 t consoleClearLine
00102224 000000c0 t newRow
001022e4 0000086c T con_write
00102b50 0000000c T consoleClear
00102b5c 0000008c t gfxSetFramebufferInfo.part.0
00102be8 00000018 T gfxSetScreenFormat
00102c00 00000014 T gfxSetDoubleBuffering
00102c14 00000070 T gfxSetFramebufferInfo
00102c84 000000c4 T gfxWriteFramebufferInfo
00102d48 000001d0 T gfxInit
00102f18 00000010 T gfxInitDefault
00102f28 000000e0 T gfxExit
00103008 000000b0 T gfxGetFramebuffer
001030b8 000000cc T gfxFlushBuffers
00103184 0000006c T gfxSwapBuffers
001031f0 0000005c T gfxSwapBuffersGpu
0010324c 00000068 t __apt_initservicehandle
001032b4 00000004 W _aptDebug
001032b8 00000098 T aptInitCaptureInfo
00103350 00000028 T aptWaitStatusEvent
00103378 00000060 T aptGetMenuAppID
001033d8 0000006c T aptSetStatus
00103444 00000048 T APT_GetLockHandle
0010348c 00000060 T APT_Initialize
001034ec 00000034 T APT_Finalize
00103520 00000048 T APT_InquireNotification
00103568 0000002c T APT_PrepareToJumpToHomeMenu
00103594 00000050 T APT_JumpToHomeMenu
001035e4 00000034 T APT_PrepareToJumpToApplication
00103618 00000050 T APT_JumpToApplication
00103668 00000034 T APT_NotifyToWait
0010369c 0000007c T APT_AppletUtility
00103718 00000188 T aptAppletUtility_Exit_RetToApp
001038a0 0000003c T aptAppletClosed
001038dc 00000114 t aptAppStarted
001039f0 00000298 T aptInit
00103c88 0000006c T APT_ReceiveParameter
00103cf4 00000064 T APT_SendParameter
00103d58 00000044 T APT_SendCaptureBufferInfo
00103d9c 00000264 T aptReturnToMenu
00104000 00000038 T APT_ReplySleepQuery
00104038 00000034 T APT_ReplySleepNotificationComplete
0010406c 000003f4 T aptEventHandler
00104460 00000034 T APT_PrepareToCloseApplication
00104494 00000050 T APT_CloseApplication
001044e4 000002d0 T aptExit
001047b4 0000006c T APT_CheckNew3DS_System
00104820 0000008c T APT_CheckNew3DS
001048ac 00000054 T APT_StartLibraryApplet
00104900 00000174 T aptAppletStarted
00104a74 000001a4 T aptMainLoop
00104c18 00000034 T cfguExit
00104c4c 000000e8 t gspEventThreadMain
00104d34 00000074 T gspInit
00104da8 0000003c T gspExit
00104de4 000000d0 T gspInitEventHandler
00104eb4 0000005c T gspExitEventHandler
00104f10 00000058 T gspWaitForEvent
00104f68 0000006c T GSPGPU_SetBufferSwap
00104fd4 0000004c T GSPGPU_FlushDataCache
00105020 00000034 T GSPGPU_SetLcdForceBlack
00105054 00000064 T GSPGPU_RegisterInterruptRelayQueue
001050b8 0000002c T GSPGPU_UnregisterInterruptRelayQueue
001050e4 00000048 T GSPGPU_AcquireRight
0010512c 0000002c T GSPGPU_ReleaseRight
00105158 00000080 T GSPGPU_ImportDisplayCaptureInfo
001051d8 0000002c T GSPGPU_SaveVramSysArea
00105204 0000002c T GSPGPU_RestoreVramSysArea
00105230 000000d8 T hidExit
00105308 00000238 T hidScanInput
00105540 00000010 T hidKeysDown
00105550 00000090 T HIDUSER_GetHandles
001055e0 00000184 T hidInit
00105764 000000b0 T irrstScanInput
00105814 0000001c T irrstKeysHeld
00105830 00000050 T IRRST_GetHandles
00105880 00000148 T irrstInit
001059c8 0000002c T IRRST_Shutdown
001059f4 000000b0 T irrstExit
00105aa4 000000f4 T __system_initArgv
00105b98 00000038 W __libctru_init
00105bd0 00000030 t __ctru_get_reent
00105c00 000000e8 T __system_initSyscalls
00105ce8 T svcControlMemory
00105d08 T svcExitProcess
00105d10 T svcCreateThread
00105d30 T svcExitThread
00105d38 T svcCreateEvent
00105d4c T svcSignalEvent
00105d54 T svcClearEvent
00105d5c T svcMapMemoryBlock
00105d64 T svcUnmapMemoryBlock
00105d6c T svcCreateAddressArbiter
00105d80 T svcArbitrateAddress
00105da0 T svcCloseHandle
00105da8 T svcWaitSynchronization
00105db0 T svcWaitSynchronizationN
00105dd8 T svcDuplicateHandle
00105dec T svcGetSystemTick
00105df4 T svcGetSystemInfo
00105e0c T svcConnectToPort
00105e20 T svcSendSyncRequest
00105e28 T svcBreak
00105e30 T svcOutputDebugString
00105e38 00000024 t addrMapNodeComparator(rbtree_node const*, rbtree_node const*)
00105e5c 00000004 t addrMapNodeDestructor(rbtree_node*)
00105e60 00000140 T linearMemAlign
00105fa0 00000008 T linearAlloc
00105fa8 00000050 T linearFree
00105ff8 00000024 t addrMapNodeComparator(rbtree_node const*, rbtree_node const*)
0010601c 00000004 t addrMapNodeDestructor(rbtree_node*)
00106020 000000f4 T mappableAlloc
00106114 00000050 T mappableFree
00106164 000000a0 T MemPool::CoalesceRight(MemBlock*)
00106204 0000018c T MemPool::Allocate(MemChunk&, unsigned long, int)
00106390 00000104 T MemPool::Deallocate(MemChunk const&)
00106494 00000024 t addrMapNodeComparator(rbtree_node const*, rbtree_node const*)
001064b8 00000004 t addrMapNodeDestructor(rbtree_node*)
001064bc 00000130 T vramMemAlign
001065ec 00000008 T vramAlloc
001065f4 00000050 T vramFree
00106644 00000094 T envGetHandle
001066d8 0000004c T envDestroyHandles
00106724 00000058 t getSysTime
0010677c 00000024 T osGetMemRegionUsed
001067a0 000000f4 T __libctru_gtod
00106898 00000034 T __ctru_speedup_config
001068cc 00000050 T srvExit
0010691c 00000038 T srvRegisterClient
00106954 00000070 T srvInit
001069c4 00000068 T srvGetServiceHandleDirect
00106a2c 00000038 T srvGetServiceHandle
00106a64 00000034 t LightLock_Unlock.part.1
00106a98 0000000c T __sync_init
00106aa4 00000018 T __sync_fini
00106abc 00000018 T LightLock_Init
00106ad4 00000094 T LightLock_Lock
00106b68 00000034 T LightLock_TryLock
00106b9c 00000020 T LightLock_Unlock
00106bbc 00000024 T RecursiveLock_Init
00106be0 00000030 T RecursiveLock_Lock
00106c10 00000058 T RecursiveLock_TryLock
00106c68 00000038 T RecursiveLock_Unlock
00106ca0 000001c8 T threadCreate
00106e68 00000024 T threadJoin
00106e8c 0000006c T threadExit
00106ef8 0000003c t _thread_begin
00106f34 00000070 T ptmSysmInit
00106fa4 00000034 T ptmSysmExit
00106fd8 00000034 T PTMSYSM_ConfigureNew3DSCPU
0010700c 00000070 T rbtree_find
0010707c 00000014 T rbtree_init
00107090 000001d4 t do_insert
00107264 00000008 T rbtree_insert
0010726c 0000035c T rbtree_remove
001075c8 000000ac T rbtree_rotate
00107674 00000058 t osGetMemRegionSize
001076cc 00000124 W __system_allocateHeaps
001077f0 0000001c W __appExit
0010780c 0000001c W __appInit
00107828 000000a4 W __libctru_exit
001078cc 00000010 t sdmc_link
001078dc 00000010 t sdmc_dirreset
001078ec 00000010 t sdmc_chmod
001078fc 00000010 t sdmc_fchmod
0010790c 00000024 t error_cmp
00107930 00000050 t sdmc_translate_error
00107980 00000034 t sdmc_fsync
001079b4 00000054 t sdmc_ftruncate
00107a08 000000ac t sdmc_statvfs
00107ab4 00000038 t sdmc_dirclose
00107aec 000000e0 t sdmc_dirnext
00107bcc 00000034 t sdmc_close
00107c00 00000074 t sdmc_fstat
00107c74 000000c0 t sdmc_seek
00107d34 0000008c t sdmc_read
00107dc0 00000108 t sdmc_write
00107ec8 000001b4 t sdmc_utf16path
0010807c 00000080 t sdmc_rmdir
001080fc 0000009c t sdmc_diropen
00108198 000000a8 t sdmc_chdir
00108240 00000084 t sdmc_mkdir
001082c4 00000138 t sdmc_rename
001083fc 00000080 t sdmc_unlink
0010847c 00000120 t sdmc_stat
0010859c 000001ac t sdmc_open
00108748 00000134 T sdmcInit
0010887c 00000050 T sdmcExit
001088cc 000000c8 T fsInit
00108994 00000034 T fsExit
001089c8 000000dc T FSUSER_OpenFile
00108aa4 000000b8 T FSUSER_DeleteFile
00108b5c 000000f4 T FSUSER_RenameFile
00108c50 000000b8 T FSUSER_DeleteDirectory
00108d08 000000d0 T FSUSER_CreateFile
00108dd8 000000c0 T FSUSER_CreateDirectory
00108e98 000000f4 T FSUSER_RenameDirectory
00108f8c 000000c4 T FSUSER_OpenDirectory
00109050 000000bc T FSUSER_OpenArchive
0010910c 00000088 T FSUSER_CloseArchive
00109194 0000008c T FSUSER_GetSdmcArchiveResource
00109220 00000064 T FSUSER_IsSdmcWritable
00109284 0000005c T FSFILE_Read
001092e0 00000064 T FSFILE_Write
00109344 0000003c T FSFILE_GetSize
00109380 0000002c T FSFILE_SetSize
001093ac 0000003c T FSFILE_Close
001093e8 00000024 T FSFILE_Flush
0010940c 00000054 T FSDIR_Read
00109460 0000003c T FSDIR_Close
0010949c 0000008c T rbtree_node_next
00109528 00000138 T decode_utf8
00109660 000000e4 T utf16_to_utf8
00109744 000000bc T utf8_to_utf16
00109800 T __aeabi_read_tp
0010980c 00000060 T decode_utf16
0010986c 00000068 T encode_utf16
001098d4 00000104 T encode_utf8
001099d8 00000078 T bsearch
00109a50 0000003c T __libc_fini_array
00109a8c 00000078 T __libc_init_array
00109b04 00000038 T iprintf
00109b3c 00000020 T memalign
00109b5c 0000015c T _memalign_r
00109cb8 00000018 T malloc
00109cd0 00000018 T free
00109ce8 000007a8 T _malloc_r
0010a490 000000f0 T memcpy
0010a580 000000f4 T memset
0010a674 0000000c T __malloc_lock
0010a680 0000000c T __malloc_unlock
0010a68c 00000038 T printf
0010a6c4 000000ec T _puts_r
0010a7b0 00000018 T puts
0010a7c8 000001fc T setvbuf
0010a9c4 00000074 T sscanf
0010aa38 00000030 T __sread
0010aa68 00000008 T __seofread
0010aa70 00000054 T __swrite
0010aac4 0000002c T __sseek
0010aaf0 00000008 T __sclose
0010aaf8 0000015c T strchr
0010ac54 0000005c T strlen
0010acb0 000000a4 T strncat
0010ad54 000000e0 T strncpy
0010ae34 00002c20 T __ssvfscanf_r
0010da54 0000161c t get_arg
0010f070 000000a4 t __sprint_r.part.0
0010f114 0000001c T __sprint_r
0010f130 00003464 T _vfiprintf_r
00112594 000000cc t __sbprintf
00112660 0000161c t get_arg
00113c80 00004878 T _vfprintf_r
001184f8 000000cc t __sbprintf
001185c4 0000008c T _wcrtomb_r
00118650 00000020 T _wcsrtombs_r
00118670 00000114 T __utf8_wctomb
00118784 00000148 T __swsetup_r
001188cc 000001bc t quorem
00118a88 000012c8 T _dtoa_r
00119d50 00000230 T __sflush_r
00119f80 00000090 T _fflush_r
0011a010 0000000c T _cleanup_r
0011a01c 00000080 t std.isra.0
0011a09c 0000008c T __sinit
0011a128 0000000c T __sfp_lock_acquire
0011a134 0000000c T __sfp_lock_release
0011a140 00000124 T __fputwc
0011a264 000000a8 T _fputwc_r
0011a30c 000000f8 T _malloc_trim_r
0011a404 000002e4 T _free_r
0011a6e8 000004a4 T __sfvwrite_r
0011ab8c 00000080 T _fwalk_reent
0011ac0c 00000074 T iswspace
0011ac80 00000204 t __jp2uc
0011ae84 00000084 T _jp2uc
0011af08 0000000c T __locale_charset
0011af14 00000010 T __locale_mb_cur_max
0011af24 0000000c T _localeconv_r
0011af30 00000160 T __smakebuf_r
0011b090 00000098 T _mbrtowc_r
0011b128 000002fc T __utf8_mbtowc
0011b424 00000100 T memchr
0011b524 00000128 T memmove
0011b64c 0000008c T _Balloc
0011b6d8 0000001c T _Bfree
0011b6f4 000000d0 T __multadd
0011b7c4 000000e4 T __s2b
0011b8a8 0000005c T __hi0bits
0011b904 00000098 T __lo0bits
0011b99c 00000020 T __i2b
0011b9bc 000001dc T __multiply
0011bb98 00000100 T __pow5mult
0011bc98 000000f0 T __lshift
0011bd88 00000064 T __mcmp
0011bdec 00000198 T __mdiff
0011bf84 00000078 T __ulp
0011bffc 000000d4 T __b2d
0011c0d0 00000104 T __d2b
0011c1d4 00000078 T __ratio
0011c24c 0000006c T __copybits
0011c2b8 00000080 T __any_on
0011c338 000004c0 T _realloc_r
0011c7f8 000000d0 T __sccl
0011c8c8 0000000c T nanf
0011c8d4 00000074 T __fpclassifyd
0011c948 00000094 T frexp
0011c9e0 00000068 T sprintf
0011ca48 00000108 T stpncpy
0011cb50 0000011c T strncmp
0011cc6c 00000058 t sulp
0011ccc8 0000144c T _strtod_r
0011e118 0000025c T _strtoll_r
0011e374 000001d4 T _strtol_r
0011e548 00000264 T _strtoull_r
0011e7b0 000001d4 T _strtoul_r
0011e984 000001a8 T __ssprint_r
0011eb2c 000000f8 T _sungetc_r
0011ec24 0000006c T __ssrefill_r
0011ec90 000000c8 T _sfread_r
0011ed58 0000161c t get_arg
00120378 000049fc T _svfprintf_r
00124d78 000000a8 T __submore
00124e20 00000124 T __swbuf_r
00124f44 00000190 T _wcsnrtombs_r
001250d4 00000090 T _calloc_r
00125164 00000120 T _fclose_r
00125284 000000ec t rshift
00125370 000007d0 T __gethex
00125b40 00000258 T __hexnan
00125d98 0000000c T __errno
00125da4 0000005c T strnlen
00125e00 00000044 T strrchr
00125e44 T _fini
00126000 00000068 r dotab_3dmoo
00126068 00000068 r dotab_stdout
001260d0 00000068 r dotab_null
00126138 00000030 r colorTable
00126168 00000014 r CSWTCH.21
0012617c 0000000c r __apt_servicenames
00126188 R default_font_bin
00126988 R default_font_bin_end
00126988 R default_font_bin_size
0012698c 00000030 r error_table
001269bc 00000068 R dotab_stdnull
00126a24 00000003 R DIRECTORY_PARENT
00126a28 00000002 R DIRECTORY_THIS
00126a2c 00000002 R DIRECTORY_SEPARATOR
00126c0c 00000022 r basefix.7044
00126c38 00000010 r blanks.7115
00126c78 00000010 r zeroes.7116
00126c88 00000010 r zeroes.7138
00126ca8 r .LC2
00126cac 00000010 r blanks.7137
00126cbc 00000101 R _ctype_
00126dd0 000000bc r a1
00126e8c 000000bc r a2
00126f48 0000005b r a3
00126fa4 00000070 r a6
00127014 000000a2 r a7
001270b8 00000040 r a8
0012710c 0000172a r b02cf
00128838 00001a7c r d02f4
0012a3c8 000000c8 R __mprec_tens
0012a490 0000000c r p05.5412
0012a4a0 00000028 R __mprec_bigtens
0012a4c8 00000014 r fpinan.5417
0012a4ec 00000014 r fpi.5381
0012a500 00000028 r tinytens
0012a528 0000006c R __state_table
0012a594 00000100 R __chclass
0012a694 0000006c R __action_table
0012a700 00000010 r blanks.7122
0012a710 00000010 r zeroes.7123
0012a720 00000100 R __hexdig
0012a828 r __EH_FRAME_BEGIN__
0012a828 R __exidx_end
0012a828 R __exidx_start
0012b000 0000004c D defaultConsole
0012b04c 00000004 D currentConsole
0012b050 00000001 d firstConsoleInit.6477
0012b054 00000001 d topFormat
0012b055 00000001 d botFormat
0012b058 00000008 d doubleBuf
0012b060 W __stacksize__
0012b068 00000401 d __cwd
0012b470 00000018 d sdmcArchive
0012b488 00000068 d sdmc_devoptab
0012b4f0 00000004 d defaultDevice
0012b4f4 00000040 D devoptab_list
0012b534 00001000 d _current_working_directory
0012c534 0000000c d __stdin_handle
0012c540 0000000c d __stdout_handle
0012c54c 0000000c d __stderr_handle
0012c558 00000004 d __hndl_lock
0012c55c 00001000 d handles
0012d560 00000440 d impure_data
0012d9a0 00000004 D _impure_ptr
0012d9a4 00000408 D __malloc_av_
0012ddac 00000004 D __malloc_trim_threshold
0012ddb0 00000004 D __malloc_sbrk_base
0012ddb4 0000000c d __malloc_lock_object
0012ddc0 00000004 D __wctomb
0012ddc4 00000004 D __ctype_ptr__
0012ddc8 0000000c d __sfp_lock
0012ddd4 0000000c d __sinit_lock
0012dde0 00000038 d lconv
0012de18 00000020 d lc_ctype_charset
0012de38 00000004 D __mb_cur_max
0012de3c 00000004 D __mbtowc
0012de40 t __frame_dummy_init_array_entry
0012de40 T __init_array_start
0012de40 d __JCR_LIST__
0012de40 B __preinit_array_end
0012de40 B __preinit_array_start
0012de40 D __tdata_lma
0012de40 D __tdata_lma_end
0012de40 D __TMC_END__
0012de40 d __TMC_LIST__
0012de44 t __do_global_dtors_aux_fini_array_entry
0012de44 T __fini_array_start
0012de44 T __init_array_end
0012de48 T __bss_start__
0012de48 b completed.6505
0012de48 T __fini_array_end
0012de4c b object.6510
0012de64 00000004 B menu_length
0012de68 00000004 B controller_position
0012de6c 00000014 B menu_functions
0012de80 00000001 b enable3d
0012de84 00000004 b screenFree
0012de88 00000002 b currentBuffer
0012de8c 00000004 b __apt_servicestr
0012de90 0000000c b aptFirstHook
0012de9c 00000001 B aptStatus
0012dea0 00000004 b aptRefCount
0012dea4 00000002 b __apt_launchapplet_appID
0012dea8 00000020 b __ns_capinfo
0012dec8 00000001 B aptStatusBeforeSleep
0012decc 00000004 b __apt_launchapplet_parambuf
0012ded0 00000004 b __apt_launchapplet_parambufsize
0012ded4 00000004 b __apt_new3dsflag_initialized
0012ded8 00000001 b __apt_new3dsflag
0012dedc 00000004 b __apt_launchapplet_inhandle
0012dee0 00000004 b cfguRefCount
0012dee4 00000004 b cfguHandle
0012dee8 00000004 b gspEvent
0012deec 00000004 b gspEventData
0012def0 00000004 b gspRefCount
0012def4 00000004 b hidRefCount
0012def8 00000004 b kOld
0012defc 00000004 b kHeld
0012df00 00000004 b cPos
0012df04 00000004 b tPos
0012df08 00000006 b aVec
0012df10 00000006 b gRate
0012df18 00000004 b kDown
0012df1c 00000004 b kUp
0012df20 00000004 b irrstRefCount
0012df24 00000004 b kHeld
0012df28 00000004 b csPos
0012df2c b saved_stack
0012df34 00000008 b sLinearPool
0012df3c 0000000c b sAddrMap
0012df48 00000008 b sMappablePool
0012df50 0000000c b sAddrMap
0012df5c 00000008 b sVramPool
0012df64 0000000c b sAddrMap
0012df70 00000001 V __ctru_speedup
0012df74 00000004 b srvRefCount
0012df78 00000004 b srvHandle
0012df7c 00000004 b arbiter
0012df80 00000004 b ptmSysmRefCount
0012df84 00000004 b ptmSysmHandle
0012df88 00000001 b sdmcInitialised
0012df8c 00000004 b fsuRefCount
0012df90 00000004 b fsuHandle
0012df94 00000004 b heap_start.5704
0012df98 00000004 B fake_heap_start
0012df9c 00000004 B fake_heap_end
0012dfa0 00001000 b temp_cwd
0012efa0 00000038 B __syscalls
0012efd8 00000004 B __malloc_max_total_mem
0012efdc 00000004 B __malloc_max_sbrked_mem
0012efe0 00000004 B __malloc_top_pad
0012efe4 00000028 B __malloc_current_mallinfo
0012f00c 00000014 B menu_titles
0012f020 00000004 B menuScreen
0012f024 00000001 B menuGfxScreen
0012f028 00000004 B outputScreen
0012f02c 0000004c B currentCopy
0012f078 00000008 B gfxBottomFramebuffers
0012f080 00000004 B gspSharedMemHandle
0012f084 0000001c B bottomFramebufferInfo
0012f0a0 00000004 B gspEvent
0012f0a4 00000008 B gfxTopLeftFramebuffers
0012f0ac 00000008 B gfxTopRightFramebuffers
0012f0b4 0000001c B topFramebufferInfo
0012f0d0 00000001 B gfxThreadID
0012f0d4 00000004 B gfxSharedMemory
0012f0d8 00000004 B gxCmdBuf
0012f0dc 00000004 B aptEventHandlerThread
0012f0e0 00000004 B aptSleepSync
0012f0e4 00001000 B aptParameters
001300e4 00000004 B aptuHandle
001300e8 0000000c B aptEvents
001300f4 00000004 B aptStatusEvent
001300f8 00000004 B aptStatusPower
001300fc 00000004 B aptStatusMutex
00130100 00000004 B aptLockHandle
00130104 00000002 B currentAppId
00130108 00000004 B gspGpuHandle
0013010c 00000004 B gspEventThread
00130110 0000001c B gspEventCounts
0013012c 0000001c B gspEvents
00130148 00000001 B gspRunEvents
0013014c 00000004 B hidMemHandle
00130150 00000004 B hidHandle
00130154 00000004 B hidSharedMem
00130158 00000014 B hidEvents
0013016c 00000004 B irrstHandle
00130170 00000004 B irrstEvent
00130174 00000004 B irrstMemHandle
00130178 00000004 B irrstSharedMem
0013017c 00000004 B __system_argv
00130180 00000004 B __system_argc
00130184 00000004 B __system_retAddr
00130188 00000004 B __ctru_heap_size
0013018c 00000004 B __ctru_linear_heap
00130190 00000004 B __ctru_heap
00130194 00000004 B __ctru_linear_heap_size
00130198 B __tls_start
001335a4 B __bss_end__
001335a4 A __end__
001335a4 B __tls_end
